
> api@0.0.1 test
> jest --watch

FAIL src/assignor/assignor.controller.spec.ts
  ‚óè Test suite failed to run

    [96msrc/assignor/assignor.controller.spec.ts[0m:[93m2[0m:[93m36[0m - [91merror[0m[90m TS2307: [0mCannot find module '../assignor.controller' or its corresponding type declarations.

    [7m2[0m import { AssignorController } from '../assignor.controller';
    [7m [0m [91m                                   ~~~~~~~~~~~~~~~~~~~~~~~~[0m
    [96msrc/assignor/assignor.controller.spec.ts[0m:[93m3[0m:[93m33[0m - [91merror[0m[90m TS2307: [0mCannot find module '../assignor.service' or its corresponding type declarations.

    [7m3[0m import { AssignorService } from '../assignor.service';
    [7m [0m [91m                                ~~~~~~~~~~~~~~~~~~~~~[0m

FAIL src/payable/payable.controller.spec.ts
  ‚óè Test suite failed to run

    Your test suite must contain at least one test.

      at onResult (../../../node_modules/@jest/core/build/TestScheduler.js:133:18)
      at ../../../node_modules/@jest/core/build/TestScheduler.js:254:19
      at ../../../node_modules/emittery/index.js:363:13
          at Array.map (<anonymous>)
      at Emittery.emit (../../../node_modules/emittery/index.js:361:23)

PASS src/app.controller.spec.ts (5.141 s)
PASS src/payable/payable.service.spec.ts (5.26 s)
  ‚óè Console

    console.log
      6ac73bee-f32f-4770-b080-e0eaca690ce8 service

      at PayableService.update (payable/payable.service.ts:43:13)

    console.log
      12345678910 service

      at PayableService.update (payable/payable.service.ts:43:13)

    console.log
      5f6983c1-fcda-48e5-aedf-3013c24517eb service

      at PayableService.update (payable/payable.service.ts:43:13)

PASS src/database/database.service.spec.ts (5.638 s)
PASS src/assignor/assignor.service.spec.ts
FAIL src/auth/auth.controller.spec.ts (6.154 s)
  ‚óè AuthController ‚Ä∫ should be defined

    Nest can't resolve dependencies of the AuthService (?). Please make sure that the argument AuthRepository at index [0] is available in the RootTestModule context.

    Potential solutions:
    - Is RootTestModule a valid NestJS module?
    - If AuthRepository is a provider, is it part of the current RootTestModule?
    - If AuthRepository is exported from a separate @Module, is that module imported within RootTestModule?
      @Module({
        imports: [ /* the Module containing AuthRepository */ ]
      })

    [0m [90m  7 |[39m
     [90m  8 |[39m   beforeEach([36masync[39m () [33m=>[39m {
    [31m[1m>[22m[39m[90m  9 |[39m     [36mconst[39m module[33m:[39m [33mTestingModule[39m [33m=[39m [36mawait[39m [33mTest[39m[33m.[39mcreateTestingModule({
     [90m    |[39m                                   [31m[1m^[22m[39m
     [90m 10 |[39m       controllers[33m:[39m [[33mAuthController[39m][33m,[39m
     [90m 11 |[39m       providers[33m:[39m [[33mAuthService[39m][33m,[39m
     [90m 12 |[39m     })[33m.[39mcompile()[33m;[39m[0m

      at TestingInjector.lookupComponentInParentModules (../../../node_modules/@nestjs/core/injector/injector.js:254:19)
      at TestingInjector.resolveComponentInstance (../../../node_modules/@nestjs/core/injector/injector.js:207:33)
      at TestingInjector.resolveComponentInstance (../../../node_modules/@nestjs/testing/testing-injector.js:19:45)
      at resolveParam (../../../node_modules/@nestjs/core/injector/injector.js:128:38)
          at async Promise.all (index 0)
      at TestingInjector.resolveConstructorParams (../../../node_modules/@nestjs/core/injector/injector.js:143:27)
      at TestingInjector.loadInstance (../../../node_modules/@nestjs/core/injector/injector.js:70:13)
      at TestingInjector.loadProvider (../../../node_modules/@nestjs/core/injector/injector.js:97:9)
      at ../../../node_modules/@nestjs/core/injector/instance-loader.js:56:13
          at async Promise.all (index 3)
      at TestingInstanceLoader.createInstancesOfProviders (../../../node_modules/@nestjs/core/injector/instance-loader.js:55:9)
      at ../../../node_modules/@nestjs/core/injector/instance-loader.js:40:13
          at async Promise.all (index 1)
      at TestingInstanceLoader.createInstances (../../../node_modules/@nestjs/core/injector/instance-loader.js:39:9)
      at TestingInstanceLoader.createInstancesOfDependencies (../../../node_modules/@nestjs/core/injector/instance-loader.js:22:13)
      at TestingInstanceLoader.createInstancesOfDependencies (../../../node_modules/@nestjs/testing/testing-instance-loader.js:9:9)
      at TestingModuleBuilder.createInstancesOfDependencies (../../../node_modules/@nestjs/testing/testing-module.builder.js:118:9)
      at TestingModuleBuilder.compile (../../../node_modules/@nestjs/testing/testing-module.builder.js:74:9)
      at Object.<anonymous> (auth/auth.controller.spec.ts:9:35)

Test Suites: 3 failed, 4 passed, 7 total
Tests:       1 failed, 34 passed, 35 total
Snapshots:   0 total
Time:        6.559 s
Ran all test suites related to changed files.

FAIL src/payable/payable.controller.spec.ts
  ‚óè Test suite failed to run

    Your test suite must contain at least one test.

      at onResult (../../../node_modules/@jest/core/build/TestScheduler.js:133:18)
      at ../../../node_modules/@jest/core/build/TestScheduler.js:254:19
      at ../../../node_modules/emittery/index.js:363:13
          at Array.map (<anonymous>)
      at Emittery.emit (../../../node_modules/emittery/index.js:361:23)

FAIL src/assignor/assignor.controller.spec.ts
  ‚óè Test suite failed to run

    [96msrc/assignor/assignor.controller.spec.ts[0m:[93m2[0m:[93m36[0m - [91merror[0m[90m TS2307: [0mCannot find module '../assignor.controller' or its corresponding type declarations.

    [7m2[0m import { AssignorController } from '../assignor.controller';
    [7m [0m [91m                                   ~~~~~~~~~~~~~~~~~~~~~~~~[0m
    [96msrc/assignor/assignor.controller.spec.ts[0m:[93m3[0m:[93m33[0m - [91merror[0m[90m TS2307: [0mCannot find module '../assignor.service' or its corresponding type declarations.

    [7m3[0m import { AssignorService } from '../assignor.service';
    [7m [0m [91m                                ~~~~~~~~~~~~~~~~~~~~~[0m

PASS src/app.controller.spec.ts (7.95 s)
PASS src/database/database.service.spec.ts (8.172 s)
FAIL src/auth/auth.controller.spec.ts (8.689 s)
  ‚óè AuthController ‚Ä∫ should be defined

    Nest can't resolve dependencies of the AuthService (?). Please make sure that the argument AuthRepository at index [0] is available in the RootTestModule context.

    Potential solutions:
    - Is RootTestModule a valid NestJS module?
    - If AuthRepository is a provider, is it part of the current RootTestModule?
    - If AuthRepository is exported from a separate @Module, is that module imported within RootTestModule?
      @Module({
        imports: [ /* the Module containing AuthRepository */ ]
      })

    [0m [90m  7 |[39m
     [90m  8 |[39m   beforeEach([36masync[39m () [33m=>[39m {
    [31m[1m>[22m[39m[90m  9 |[39m     [36mconst[39m module[33m:[39m [33mTestingModule[39m [33m=[39m [36mawait[39m [33mTest[39m[33m.[39mcreateTestingModule({
     [90m    |[39m                                   [31m[1m^[22m[39m
     [90m 10 |[39m       controllers[33m:[39m [[33mAuthController[39m][33m,[39m
     [90m 11 |[39m       providers[33m:[39m [[33mAuthService[39m][33m,[39m
     [90m 12 |[39m     })[33m.[39mcompile()[33m;[39m[0m

      at TestingInjector.lookupComponentInParentModules (../../../node_modules/@nestjs/core/injector/injector.js:254:19)
      at TestingInjector.resolveComponentInstance (../../../node_modules/@nestjs/core/injector/injector.js:207:33)
      at TestingInjector.resolveComponentInstance (../../../node_modules/@nestjs/testing/testing-injector.js:19:45)
      at resolveParam (../../../node_modules/@nestjs/core/injector/injector.js:128:38)
          at async Promise.all (index 0)
      at TestingInjector.resolveConstructorParams (../../../node_modules/@nestjs/core/injector/injector.js:143:27)
      at TestingInjector.loadInstance (../../../node_modules/@nestjs/core/injector/injector.js:70:13)
      at TestingInjector.loadProvider (../../../node_modules/@nestjs/core/injector/injector.js:97:9)
      at ../../../node_modules/@nestjs/core/injector/instance-loader.js:56:13
          at async Promise.all (index 3)
      at TestingInstanceLoader.createInstancesOfProviders (../../../node_modules/@nestjs/core/injector/instance-loader.js:55:9)
      at ../../../node_modules/@nestjs/core/injector/instance-loader.js:40:13
          at async Promise.all (index 1)
      at TestingInstanceLoader.createInstances (../../../node_modules/@nestjs/core/injector/instance-loader.js:39:9)
      at TestingInstanceLoader.createInstancesOfDependencies (../../../node_modules/@nestjs/core/injector/instance-loader.js:22:13)
      at TestingInstanceLoader.createInstancesOfDependencies (../../../node_modules/@nestjs/testing/testing-instance-loader.js:9:9)
      at TestingModuleBuilder.createInstancesOfDependencies (../../../node_modules/@nestjs/testing/testing-module.builder.js:118:9)
      at TestingModuleBuilder.compile (../../../node_modules/@nestjs/testing/testing-module.builder.js:74:9)
      at Object.<anonymous> (auth/auth.controller.spec.ts:9:35)

PASS src/payable/payable.service.spec.ts (8.766 s)
  ‚óè Console

    console.log
      90c84760-2db4-46bd-97bd-7e5ddebfab46 service

      at PayableService.update (payable/payable.service.ts:43:13)

    console.log
      12345678910 service

      at PayableService.update (payable/payable.service.ts:43:13)

    console.log
      1ecdbf5f-6ba1-4c76-bdf4-049eec7f2c2a service

      at PayableService.update (payable/payable.service.ts:43:13)

PASS src/assignor/assignor.service.spec.ts (8.792 s)

Test Suites: 3 failed, 4 passed, 7 total
Tests:       1 failed, 34 passed, 35 total
Snapshots:   0 total
Time:        9.738 s

Ran all test suites related to changed files.
PASS src/app.controller.spec.ts (7.924 s)
FAIL src/assignor/assignor.controller.spec.ts
  ‚óè Test suite failed to run

    [96msrc/assignor/assignor.controller.spec.ts[0m:[93m2[0m:[93m36[0m - [91merror[0m[90m TS2307: [0mCannot find module '../assignor.controller' or its corresponding type declarations.

    [7m2[0m import { AssignorController } from '../assignor.controller';
    [7m [0m [91m                                   ~~~~~~~~~~~~~~~~~~~~~~~~[0m
    [96msrc/assignor/assignor.controller.spec.ts[0m:[93m3[0m:[93m33[0m - [91merror[0m[90m TS2307: [0mCannot find module '../assignor.service' or its corresponding type declarations.

    [7m3[0m import { AssignorService } from '../assignor.service';
    [7m [0m [91m                                ~~~~~~~~~~~~~~~~~~~~~[0m

PASS src/database/database.service.spec.ts (8.355 s)
FAIL src/auth/auth.controller.spec.ts (8.7 s)
  ‚óè AuthController ‚Ä∫ should be defined

    Nest can't resolve dependencies of the AuthService (?). Please make sure that the argument AuthRepository at index [0] is available in the RootTestModule context.

    Potential solutions:
    - Is RootTestModule a valid NestJS module?
    - If AuthRepository is a provider, is it part of the current RootTestModule?
    - If AuthRepository is exported from a separate @Module, is that module imported within RootTestModule?
      @Module({
        imports: [ /* the Module containing AuthRepository */ ]
      })

    [0m [90m  7 |[39m
     [90m  8 |[39m   beforeEach([36masync[39m () [33m=>[39m {
    [31m[1m>[22m[39m[90m  9 |[39m     [36mconst[39m module[33m:[39m [33mTestingModule[39m [33m=[39m [36mawait[39m [33mTest[39m[33m.[39mcreateTestingModule({
     [90m    |[39m                                   [31m[1m^[22m[39m
     [90m 10 |[39m       controllers[33m:[39m [[33mAuthController[39m][33m,[39m
     [90m 11 |[39m       providers[33m:[39m [[33mAuthService[39m][33m,[39m
     [90m 12 |[39m     })[33m.[39mcompile()[33m;[39m[0m

      at TestingInjector.lookupComponentInParentModules (../../../node_modules/@nestjs/core/injector/injector.js:254:19)
      at TestingInjector.resolveComponentInstance (../../../node_modules/@nestjs/core/injector/injector.js:207:33)
      at TestingInjector.resolveComponentInstance (../../../node_modules/@nestjs/testing/testing-injector.js:19:45)
      at resolveParam (../../../node_modules/@nestjs/core/injector/injector.js:128:38)
          at async Promise.all (index 0)
      at TestingInjector.resolveConstructorParams (../../../node_modules/@nestjs/core/injector/injector.js:143:27)
      at TestingInjector.loadInstance (../../../node_modules/@nestjs/core/injector/injector.js:70:13)
      at TestingInjector.loadProvider (../../../node_modules/@nestjs/core/injector/injector.js:97:9)
      at ../../../node_modules/@nestjs/core/injector/instance-loader.js:56:13
          at async Promise.all (index 3)
      at TestingInstanceLoader.createInstancesOfProviders (../../../node_modules/@nestjs/core/injector/instance-loader.js:55:9)
      at ../../../node_modules/@nestjs/core/injector/instance-loader.js:40:13
          at async Promise.all (index 1)
      at TestingInstanceLoader.createInstances (../../../node_modules/@nestjs/core/injector/instance-loader.js:39:9)
      at TestingInstanceLoader.createInstancesOfDependencies (../../../node_modules/@nestjs/core/injector/instance-loader.js:22:13)
      at TestingInstanceLoader.createInstancesOfDependencies (../../../node_modules/@nestjs/testing/testing-instance-loader.js:9:9)
      at TestingModuleBuilder.createInstancesOfDependencies (../../../node_modules/@nestjs/testing/testing-module.builder.js:118:9)
      at TestingModuleBuilder.compile (../../../node_modules/@nestjs/testing/testing-module.builder.js:74:9)
      at Object.<anonymous> (auth/auth.controller.spec.ts:9:35)

PASS src/payable/payable.service.spec.ts (8.748 s)
  ‚óè Console

    console.log
      e4f622bb-ea2f-433f-88a6-c734e1e26006 service

      at PayableService.update (payable/payable.service.ts:43:13)

    console.log
      12345678910 service

      at PayableService.update (payable/payable.service.ts:43:13)

    console.log
      4a3c2d43-a986-4d96-86f5-369ef46e98e8 service

      at PayableService.update (payable/payable.service.ts:43:13)

PASS src/assignor/assignor.service.spec.ts (8.773 s)
FAIL src/payable/payable.controller.spec.ts (8.851 s)
  ‚óè PayableController ‚Ä∫ should be defined

    Nest can't resolve dependencies of the PayableService (?). Please make sure that the argument PayableRepository at index [0] is available in the RootTestModule context.

    Potential solutions:
    - Is RootTestModule a valid NestJS module?
    - If PayableRepository is a provider, is it part of the current RootTestModule?
    - If PayableRepository is exported from a separate @Module, is that module imported within RootTestModule?
      @Module({
        imports: [ /* the Module containing PayableRepository */ ]
      })

    [0m [90m  7 |[39m
     [90m  8 |[39m   beforeEach([36masync[39m () [33m=>[39m {
    [31m[1m>[22m[39m[90m  9 |[39m     [36mconst[39m module[33m:[39m [33mTestingModule[39m [33m=[39m [36mawait[39m [33mTest[39m[33m.[39mcreateTestingModule({
     [90m    |[39m                                   [31m[1m^[22m[39m
     [90m 10 |[39m       controllers[33m:[39m [[33mPayableController[39m][33m,[39m
     [90m 11 |[39m       providers[33m:[39m [[33mPayableService[39m][33m,[39m
     [90m 12 |[39m     })[33m.[39mcompile()[33m;[39m[0m

      at TestingInjector.lookupComponentInParentModules (../../../node_modules/@nestjs/core/injector/injector.js:254:19)
      at TestingInjector.resolveComponentInstance (../../../node_modules/@nestjs/core/injector/injector.js:207:33)
      at TestingInjector.resolveComponentInstance (../../../node_modules/@nestjs/testing/testing-injector.js:19:45)
      at resolveParam (../../../node_modules/@nestjs/core/injector/injector.js:128:38)
          at async Promise.all (index 0)
      at TestingInjector.resolveConstructorParams (../../../node_modules/@nestjs/core/injector/injector.js:143:27)
      at TestingInjector.loadInstance (../../../node_modules/@nestjs/core/injector/injector.js:70:13)
      at TestingInjector.loadProvider (../../../node_modules/@nestjs/core/injector/injector.js:97:9)
      at ../../../node_modules/@nestjs/core/injector/instance-loader.js:56:13
          at async Promise.all (index 3)
      at TestingInstanceLoader.createInstancesOfProviders (../../../node_modules/@nestjs/core/injector/instance-loader.js:55:9)
      at ../../../node_modules/@nestjs/core/injector/instance-loader.js:40:13
          at async Promise.all (index 1)
      at TestingInstanceLoader.createInstances (../../../node_modules/@nestjs/core/injector/instance-loader.js:39:9)
      at TestingInstanceLoader.createInstancesOfDependencies (../../../node_modules/@nestjs/core/injector/instance-loader.js:22:13)
      at TestingInstanceLoader.createInstancesOfDependencies (../../../node_modules/@nestjs/testing/testing-instance-loader.js:9:9)
      at TestingModuleBuilder.createInstancesOfDependencies (../../../node_modules/@nestjs/testing/testing-module.builder.js:118:9)
      at TestingModuleBuilder.compile (../../../node_modules/@nestjs/testing/testing-module.builder.js:74:9)
      at Object.<anonymous> (payable/payable.controller.spec.ts:9:35)

Test Suites: 3 failed, 4 passed, 7 total
Tests:       2 failed, 34 passed, 36 total
Snapshots:   0 total
Time:        9.822 s
Ran all test suites related to changed files.

FAIL src/payable/payable.controller.spec.ts
  ‚óè Test suite failed to run

    [96msrc/payable/payable.controller.spec.ts[0m:[93m11[0m:[93m35[0m - [91merror[0m[90m TS2304: [0mCannot find name 'PayableRepository'.

    [7m11[0m       providers: [PayableService, PayableRepository],
    [7m  [0m [91m                                  ~~~~~~~~~~~~~~~~~[0m

FAIL src/assignor/assignor.controller.spec.ts
  ‚óè Test suite failed to run

    [96msrc/assignor/assignor.controller.spec.ts[0m:[93m2[0m:[93m36[0m - [91merror[0m[90m TS2307: [0mCannot find module '../assignor.controller' or its corresponding type declarations.

    [7m2[0m import { AssignorController } from '../assignor.controller';
    [7m [0m [91m                                   ~~~~~~~~~~~~~~~~~~~~~~~~[0m
    [96msrc/assignor/assignor.controller.spec.ts[0m:[93m3[0m:[93m33[0m - [91merror[0m[90m TS2307: [0mCannot find module '../assignor.service' or its corresponding type declarations.

    [7m3[0m import { AssignorService } from '../assignor.service';
    [7m [0m [91m                                ~~~~~~~~~~~~~~~~~~~~~[0m

PASS src/app.controller.spec.ts (5.448 s)
PASS src/database/database.service.spec.ts (5.488 s)
PASS src/payable/payable.service.spec.ts (5.903 s)
  ‚óè Console

    console.log
      f8e01aae-e05e-4a80-8e7b-94ef10ee662c service

      at PayableService.update (payable/payable.service.ts:43:13)

    console.log
      12345678910 service

      at PayableService.update (payable/payable.service.ts:43:13)

    console.log
      3dbd021a-1846-4e47-b3de-0d60c1fcc0b2 service

      at PayableService.update (payable/payable.service.ts:43:13)

PASS src/assignor/assignor.service.spec.ts (5.945 s)
FAIL src/auth/auth.controller.spec.ts (6.091 s)
  ‚óè AuthController ‚Ä∫ should be defined

    Nest can't resolve dependencies of the AuthService (?). Please make sure that the argument AuthRepository at index [0] is available in the RootTestModule context.

    Potential solutions:
    - Is RootTestModule a valid NestJS module?
    - If AuthRepository is a provider, is it part of the current RootTestModule?
    - If AuthRepository is exported from a separate @Module, is that module imported within RootTestModule?
      @Module({
        imports: [ /* the Module containing AuthRepository */ ]
      })

    [0m [90m  7 |[39m
     [90m  8 |[39m   beforeEach([36masync[39m () [33m=>[39m {
    [31m[1m>[22m[39m[90m  9 |[39m     [36mconst[39m module[33m:[39m [33mTestingModule[39m [33m=[39m [36mawait[39m [33mTest[39m[33m.[39mcreateTestingModule({
     [90m    |[39m                                   [31m[1m^[22m[39m
     [90m 10 |[39m       controllers[33m:[39m [[33mAuthController[39m][33m,[39m
     [90m 11 |[39m       providers[33m:[39m [[33mAuthService[39m][33m,[39m
     [90m 12 |[39m     })[33m.[39mcompile()[33m;[39m[0m

      at TestingInjector.lookupComponentInParentModules (../../../node_modules/@nestjs/core/injector/injector.js:254:19)
      at TestingInjector.resolveComponentInstance (../../../node_modules/@nestjs/core/injector/injector.js:207:33)
      at TestingInjector.resolveComponentInstance (../../../node_modules/@nestjs/testing/testing-injector.js:19:45)
      at resolveParam (../../../node_modules/@nestjs/core/injector/injector.js:128:38)
          at async Promise.all (index 0)
      at TestingInjector.resolveConstructorParams (../../../node_modules/@nestjs/core/injector/injector.js:143:27)
      at TestingInjector.loadInstance (../../../node_modules/@nestjs/core/injector/injector.js:70:13)
      at TestingInjector.loadProvider (../../../node_modules/@nestjs/core/injector/injector.js:97:9)
      at ../../../node_modules/@nestjs/core/injector/instance-loader.js:56:13
          at async Promise.all (index 3)
      at TestingInstanceLoader.createInstancesOfProviders (../../../node_modules/@nestjs/core/injector/instance-loader.js:55:9)
      at ../../../node_modules/@nestjs/core/injector/instance-loader.js:40:13
          at async Promise.all (index 1)
      at TestingInstanceLoader.createInstances (../../../node_modules/@nestjs/core/injector/instance-loader.js:39:9)
      at TestingInstanceLoader.createInstancesOfDependencies (../../../node_modules/@nestjs/core/injector/instance-loader.js:22:13)
      at TestingInstanceLoader.createInstancesOfDependencies (../../../node_modules/@nestjs/testing/testing-instance-loader.js:9:9)
      at TestingModuleBuilder.createInstancesOfDependencies (../../../node_modules/@nestjs/testing/testing-module.builder.js:118:9)
      at TestingModuleBuilder.compile (../../../node_modules/@nestjs/testing/testing-module.builder.js:74:9)
      at Object.<anonymous> (auth/auth.controller.spec.ts:9:35)

Test Suites: 3 failed, 4 passed, 7 total
Tests:       1 failed, 34 passed, 35 total
Snapshots:   0 total
Time:        6.502 s, estimated 9 s
Ran all test suites related to changed files.

PASS src/app.controller.spec.ts (6.254 s)
PASS src/database/database.service.spec.ts (6.318 s)
FAIL src/assignor/assignor.controller.spec.ts
  ‚óè Test suite failed to run

    [96msrc/assignor/assignor.controller.spec.ts[0m:[93m2[0m:[93m36[0m - [91merror[0m[90m TS2307: [0mCannot find module '../assignor.controller' or its corresponding type declarations.

    [7m2[0m import { AssignorController } from '../assignor.controller';
    [7m [0m [91m                                   ~~~~~~~~~~~~~~~~~~~~~~~~[0m
    [96msrc/assignor/assignor.controller.spec.ts[0m:[93m3[0m:[93m33[0m - [91merror[0m[90m TS2307: [0mCannot find module '../assignor.service' or its corresponding type declarations.

    [7m3[0m import { AssignorService } from '../assignor.service';
    [7m [0m [91m                                ~~~~~~~~~~~~~~~~~~~~~[0m

PASS src/assignor/assignor.service.spec.ts (6.718 s)
PASS src/payable/payable.service.spec.ts (6.722 s)
  ‚óè Console

    console.log
      51e502c8-2d4f-43ae-87b9-0b8d53da3cbe service

      at PayableService.update (payable/payable.service.ts:43:13)

    console.log
      12345678910 service

      at PayableService.update (payable/payable.service.ts:43:13)

    console.log
      d7410764-9169-4e22-ac68-1636b35db291 service

      at PayableService.update (payable/payable.service.ts:43:13)

FAIL src/payable/payable.controller.spec.ts (6.964 s)
  ‚óè PayableController ‚Ä∫ should be defined

    Nest can't resolve dependencies of the PayableRepository (?). Please make sure that the argument DatabaseService at index [0] is available in the RootTestModule context.

    Potential solutions:
    - Is RootTestModule a valid NestJS module?
    - If DatabaseService is a provider, is it part of the current RootTestModule?
    - If DatabaseService is exported from a separate @Module, is that module imported within RootTestModule?
      @Module({
        imports: [ /* the Module containing DatabaseService */ ]
      })

    [0m [90m  8 |[39m
     [90m  9 |[39m   beforeEach([36masync[39m () [33m=>[39m {
    [31m[1m>[22m[39m[90m 10 |[39m     [36mconst[39m module[33m:[39m [33mTestingModule[39m [33m=[39m [36mawait[39m [33mTest[39m[33m.[39mcreateTestingModule({
     [90m    |[39m                                   [31m[1m^[22m[39m
     [90m 11 |[39m       controllers[33m:[39m [[33mPayableController[39m][33m,[39m
     [90m 12 |[39m       providers[33m:[39m [[33mPayableService[39m[33m,[39m [33mPayableRepository[39m][33m,[39m
     [90m 13 |[39m     })[33m.[39mcompile()[33m;[39m[0m

      at TestingInjector.lookupComponentInParentModules (../../../node_modules/@nestjs/core/injector/injector.js:254:19)
      at TestingInjector.resolveComponentInstance (../../../node_modules/@nestjs/core/injector/injector.js:207:33)
      at TestingInjector.resolveComponentInstance (../../../node_modules/@nestjs/testing/testing-injector.js:19:45)
      at resolveParam (../../../node_modules/@nestjs/core/injector/injector.js:128:38)
          at async Promise.all (index 0)
      at TestingInjector.resolveConstructorParams (../../../node_modules/@nestjs/core/injector/injector.js:143:27)
      at TestingInjector.loadInstance (../../../node_modules/@nestjs/core/injector/injector.js:70:13)
      at TestingInjector.loadProvider (../../../node_modules/@nestjs/core/injector/injector.js:97:9)
      at ../../../node_modules/@nestjs/core/injector/instance-loader.js:56:13
          at async Promise.all (index 4)
      at TestingInstanceLoader.createInstancesOfProviders (../../../node_modules/@nestjs/core/injector/instance-loader.js:55:9)
      at ../../../node_modules/@nestjs/core/injector/instance-loader.js:40:13
          at async Promise.all (index 1)
      at TestingInstanceLoader.createInstances (../../../node_modules/@nestjs/core/injector/instance-loader.js:39:9)
      at TestingInstanceLoader.createInstancesOfDependencies (../../../node_modules/@nestjs/core/injector/instance-loader.js:22:13)
      at TestingInstanceLoader.createInstancesOfDependencies (../../../node_modules/@nestjs/testing/testing-instance-loader.js:9:9)
      at TestingModuleBuilder.createInstancesOfDependencies (../../../node_modules/@nestjs/testing/testing-module.builder.js:118:9)
      at TestingModuleBuilder.compile (../../../node_modules/@nestjs/testing/testing-module.builder.js:74:9)
      at Object.<anonymous> (payable/payable.controller.spec.ts:10:35)

FAIL src/auth/auth.controller.spec.ts (7.062 s)
  ‚óè AuthController ‚Ä∫ should be defined

    Nest can't resolve dependencies of the AuthRepository (?, JwtService). Please make sure that the argument DatabaseService at index [0] is available in the RootTestModule context.

    Potential solutions:
    - Is RootTestModule a valid NestJS module?
    - If DatabaseService is a provider, is it part of the current RootTestModule?
    - If DatabaseService is exported from a separate @Module, is that module imported within RootTestModule?
      @Module({
        imports: [ /* the Module containing DatabaseService */ ]
      })

    [0m [90m  8 |[39m
     [90m  9 |[39m   beforeEach([36masync[39m () [33m=>[39m {
    [31m[1m>[22m[39m[90m 10 |[39m     [36mconst[39m module[33m:[39m [33mTestingModule[39m [33m=[39m [36mawait[39m [33mTest[39m[33m.[39mcreateTestingModule({
     [90m    |[39m                                   [31m[1m^[22m[39m
     [90m 11 |[39m       controllers[33m:[39m [[33mAuthController[39m][33m,[39m
     [90m 12 |[39m       providers[33m:[39m [[33mAuthService[39m[33m,[39m [33mAuthRepository[39m][33m,[39m
     [90m 13 |[39m     })[33m.[39mcompile()[33m;[39m[0m

      at TestingInjector.lookupComponentInParentModules (../../../node_modules/@nestjs/core/injector/injector.js:254:19)
      at TestingInjector.resolveComponentInstance (../../../node_modules/@nestjs/core/injector/injector.js:207:33)
      at TestingInjector.resolveComponentInstance (../../../node_modules/@nestjs/testing/testing-injector.js:19:45)
      at resolveParam (../../../node_modules/@nestjs/core/injector/injector.js:128:38)
          at async Promise.all (index 0)
      at TestingInjector.resolveConstructorParams (../../../node_modules/@nestjs/core/injector/injector.js:143:27)
      at TestingInjector.loadInstance (../../../node_modules/@nestjs/core/injector/injector.js:70:13)
      at TestingInjector.loadProvider (../../../node_modules/@nestjs/core/injector/injector.js:97:9)
      at ../../../node_modules/@nestjs/core/injector/instance-loader.js:56:13
          at async Promise.all (index 4)
      at TestingInstanceLoader.createInstancesOfProviders (../../../node_modules/@nestjs/core/injector/instance-loader.js:55:9)
      at ../../../node_modules/@nestjs/core/injector/instance-loader.js:40:13
          at async Promise.all (index 1)
      at TestingInstanceLoader.createInstances (../../../node_modules/@nestjs/core/injector/instance-loader.js:39:9)
      at TestingInstanceLoader.createInstancesOfDependencies (../../../node_modules/@nestjs/core/injector/instance-loader.js:22:13)
      at TestingInstanceLoader.createInstancesOfDependencies (../../../node_modules/@nestjs/testing/testing-instance-loader.js:9:9)
      at TestingModuleBuilder.createInstancesOfDependencies (../../../node_modules/@nestjs/testing/testing-module.builder.js:118:9)
      at TestingModuleBuilder.compile (../../../node_modules/@nestjs/testing/testing-module.builder.js:74:9)
      at Object.<anonymous> (auth/auth.controller.spec.ts:10:35)

Test Suites: 3 failed, 4 passed, 7 total
Tests:       2 failed, 34 passed, 36 total
Snapshots:   0 total
Time:        7.474 s

Ran all test suites related to changed files.
PASS src/database/database.service.spec.ts (5.254 s)
PASS src/app.controller.spec.ts (5.249 s)
PASS src/assignor/assignor.service.spec.ts (5.594 s)
PASS src/payable/payable.service.spec.ts (5.627 s)
  ‚óè Console

    console.log
      d974e1ff-67e1-471f-8e99-e17ca65e79dc service

      at PayableService.update (payable/payable.service.ts:43:13)

    console.log
      12345678910 service

      at PayableService.update (payable/payable.service.ts:43:13)

    console.log
      e11ed906-5f36-421c-8770-2480fc64297e service

      at PayableService.update (payable/payable.service.ts:43:13)

FAIL src/payable/payable.controller.spec.ts (5.717 s)
  ‚óè PayableController ‚Ä∫ should be defined

    Nest can't resolve dependencies of the PayableRepository (?). Please make sure that the argument DatabaseService at index [0] is available in the RootTestModule context.

    Potential solutions:
    - Is RootTestModule a valid NestJS module?
    - If DatabaseService is a provider, is it part of the current RootTestModule?
    - If DatabaseService is exported from a separate @Module, is that module imported within RootTestModule?
      @Module({
        imports: [ /* the Module containing DatabaseService */ ]
      })

    [0m [90m  8 |[39m
     [90m  9 |[39m   beforeEach([36masync[39m () [33m=>[39m {
    [31m[1m>[22m[39m[90m 10 |[39m     [36mconst[39m module[33m:[39m [33mTestingModule[39m [33m=[39m [36mawait[39m [33mTest[39m[33m.[39mcreateTestingModule({
     [90m    |[39m                                   [31m[1m^[22m[39m
     [90m 11 |[39m       controllers[33m:[39m [[33mPayableController[39m][33m,[39m
     [90m 12 |[39m       providers[33m:[39m [[33mPayableService[39m[33m,[39m [33mPayableRepository[39m][33m,[39m
     [90m 13 |[39m     })[33m.[39mcompile()[33m;[39m[0m

      at TestingInjector.lookupComponentInParentModules (../../../node_modules/@nestjs/core/injector/injector.js:254:19)
      at TestingInjector.resolveComponentInstance (../../../node_modules/@nestjs/core/injector/injector.js:207:33)
      at TestingInjector.resolveComponentInstance (../../../node_modules/@nestjs/testing/testing-injector.js:19:45)
      at resolveParam (../../../node_modules/@nestjs/core/injector/injector.js:128:38)
          at async Promise.all (index 0)
      at TestingInjector.resolveConstructorParams (../../../node_modules/@nestjs/core/injector/injector.js:143:27)
      at TestingInjector.loadInstance (../../../node_modules/@nestjs/core/injector/injector.js:70:13)
      at TestingInjector.loadProvider (../../../node_modules/@nestjs/core/injector/injector.js:97:9)
      at ../../../node_modules/@nestjs/core/injector/instance-loader.js:56:13
          at async Promise.all (index 4)
      at TestingInstanceLoader.createInstancesOfProviders (../../../node_modules/@nestjs/core/injector/instance-loader.js:55:9)
      at ../../../node_modules/@nestjs/core/injector/instance-loader.js:40:13
          at async Promise.all (index 1)
      at TestingInstanceLoader.createInstances (../../../node_modules/@nestjs/core/injector/instance-loader.js:39:9)
      at TestingInstanceLoader.createInstancesOfDependencies (../../../node_modules/@nestjs/core/injector/instance-loader.js:22:13)
      at TestingInstanceLoader.createInstancesOfDependencies (../../../node_modules/@nestjs/testing/testing-instance-loader.js:9:9)
      at TestingModuleBuilder.createInstancesOfDependencies (../../../node_modules/@nestjs/testing/testing-module.builder.js:118:9)
      at TestingModuleBuilder.compile (../../../node_modules/@nestjs/testing/testing-module.builder.js:74:9)
      at Object.<anonymous> (payable/payable.controller.spec.ts:10:35)

FAIL src/assignor/assignor.controller.spec.ts
  ‚óè Test suite failed to run

    [96msrc/assignor/assignor.controller.spec.ts[0m:[93m2[0m:[93m36[0m - [91merror[0m[90m TS2307: [0mCannot find module '../assignor.controller' or its corresponding type declarations.

    [7m2[0m import { AssignorController } from '../assignor.controller';
    [7m [0m [91m                                   ~~~~~~~~~~~~~~~~~~~~~~~~[0m
    [96msrc/assignor/assignor.controller.spec.ts[0m:[93m3[0m:[93m33[0m - [91merror[0m[90m TS2307: [0mCannot find module '../assignor.service' or its corresponding type declarations.

    [7m3[0m import { AssignorService } from '../assignor.service';
    [7m [0m [91m                                ~~~~~~~~~~~~~~~~~~~~~[0m

FAIL src/auth/auth.controller.spec.ts (5.755 s)
  ‚óè AuthController ‚Ä∫ should be defined

    Nest can't resolve dependencies of the AuthRepository (?, JwtService). Please make sure that the argument DatabaseService at index [0] is available in the RootTestModule context.

    Potential solutions:
    - Is RootTestModule a valid NestJS module?
    - If DatabaseService is a provider, is it part of the current RootTestModule?
    - If DatabaseService is exported from a separate @Module, is that module imported within RootTestModule?
      @Module({
        imports: [ /* the Module containing DatabaseService */ ]
      })

    [0m [90m  8 |[39m
     [90m  9 |[39m   beforeEach([36masync[39m () [33m=>[39m {
    [31m[1m>[22m[39m[90m 10 |[39m     [36mconst[39m module[33m:[39m [33mTestingModule[39m [33m=[39m [36mawait[39m [33mTest[39m[33m.[39mcreateTestingModule({
     [90m    |[39m                                   [31m[1m^[22m[39m
     [90m 11 |[39m       controllers[33m:[39m [[33mAuthController[39m][33m,[39m
     [90m 12 |[39m       providers[33m:[39m [[33mAuthService[39m[33m,[39m [33mAuthRepository[39m][33m,[39m
     [90m 13 |[39m     })[33m.[39mcompile()[33m;[39m[0m

      at TestingInjector.lookupComponentInParentModules (../../../node_modules/@nestjs/core/injector/injector.js:254:19)
      at TestingInjector.resolveComponentInstance (../../../node_modules/@nestjs/core/injector/injector.js:207:33)
      at TestingInjector.resolveComponentInstance (../../../node_modules/@nestjs/testing/testing-injector.js:19:45)
      at resolveParam (../../../node_modules/@nestjs/core/injector/injector.js:128:38)
          at async Promise.all (index 0)
      at TestingInjector.resolveConstructorParams (../../../node_modules/@nestjs/core/injector/injector.js:143:27)
      at TestingInjector.loadInstance (../../../node_modules/@nestjs/core/injector/injector.js:70:13)
      at TestingInjector.loadProvider (../../../node_modules/@nestjs/core/injector/injector.js:97:9)
      at ../../../node_modules/@nestjs/core/injector/instance-loader.js:56:13
          at async Promise.all (index 4)
      at TestingInstanceLoader.createInstancesOfProviders (../../../node_modules/@nestjs/core/injector/instance-loader.js:55:9)
      at ../../../node_modules/@nestjs/core/injector/instance-loader.js:40:13
          at async Promise.all (index 1)
      at TestingInstanceLoader.createInstances (../../../node_modules/@nestjs/core/injector/instance-loader.js:39:9)
      at TestingInstanceLoader.createInstancesOfDependencies (../../../node_modules/@nestjs/core/injector/instance-loader.js:22:13)
      at TestingInstanceLoader.createInstancesOfDependencies (../../../node_modules/@nestjs/testing/testing-instance-loader.js:9:9)
      at TestingModuleBuilder.createInstancesOfDependencies (../../../node_modules/@nestjs/testing/testing-module.builder.js:118:9)
      at TestingModuleBuilder.compile (../../../node_modules/@nestjs/testing/testing-module.builder.js:74:9)
      at Object.<anonymous> (auth/auth.controller.spec.ts:10:35)

Test Suites: 3 failed, 4 passed, 7 total
Tests:       2 failed, 34 passed, 36 total
Snapshots:   0 total
Time:        6.223 s, estimated 8 s
Ran all test suites related to changed files.

PASS src/app.controller.spec.ts (5.115 s)
PASS src/database/database.service.spec.ts (5.276 s)
PASS src/assignor/assignor.service.spec.ts (5.604 s)
FAIL src/assignor/assignor.controller.spec.ts
  ‚óè Test suite failed to run

    [96msrc/assignor/assignor.controller.spec.ts[0m:[93m2[0m:[93m36[0m - [91merror[0m[90m TS2307: [0mCannot find module '../assignor.controller' or its corresponding type declarations.

    [7m2[0m import { AssignorController } from '../assignor.controller';
    [7m [0m [91m                                   ~~~~~~~~~~~~~~~~~~~~~~~~[0m
    [96msrc/assignor/assignor.controller.spec.ts[0m:[93m3[0m:[93m33[0m - [91merror[0m[90m TS2307: [0mCannot find module '../assignor.service' or its corresponding type declarations.

    [7m3[0m import { AssignorService } from '../assignor.service';
    [7m [0m [91m                                ~~~~~~~~~~~~~~~~~~~~~[0m

PASS src/payable/payable.service.spec.ts (5.65 s)
  ‚óè Console

    console.log
      1968c9e7-60e9-499d-a0c0-bdd05e3e4333 service

      at PayableService.update (payable/payable.service.ts:43:13)

    console.log
      12345678910 service

      at PayableService.update (payable/payable.service.ts:43:13)

    console.log
      68eb764f-91ec-42a2-880e-f156e66647b9 service

      at PayableService.update (payable/payable.service.ts:43:13)

FAIL src/payable/payable.controller.spec.ts (5.667 s)
  ‚óè PayableController ‚Ä∫ should be defined

    Nest can't resolve dependencies of the PayableRepository (?). Please make sure that the argument DatabaseService at index [0] is available in the RootTestModule context.

    Potential solutions:
    - Is RootTestModule a valid NestJS module?
    - If DatabaseService is a provider, is it part of the current RootTestModule?
    - If DatabaseService is exported from a separate @Module, is that module imported within RootTestModule?
      @Module({
        imports: [ /* the Module containing DatabaseService */ ]
      })

    [0m [90m  8 |[39m
     [90m  9 |[39m   beforeEach([36masync[39m () [33m=>[39m {
    [31m[1m>[22m[39m[90m 10 |[39m     [36mconst[39m module[33m:[39m [33mTestingModule[39m [33m=[39m [36mawait[39m [33mTest[39m[33m.[39mcreateTestingModule({
     [90m    |[39m                                   [31m[1m^[22m[39m
     [90m 11 |[39m       controllers[33m:[39m [[33mPayableController[39m][33m,[39m
     [90m 12 |[39m       providers[33m:[39m [[33mPayableService[39m[33m,[39m [33mPayableRepository[39m][33m,[39m
     [90m 13 |[39m     })[33m.[39mcompile()[33m;[39m[0m

      at TestingInjector.lookupComponentInParentModules (../../../node_modules/@nestjs/core/injector/injector.js:254:19)
      at TestingInjector.resolveComponentInstance (../../../node_modules/@nestjs/core/injector/injector.js:207:33)
      at TestingInjector.resolveComponentInstance (../../../node_modules/@nestjs/testing/testing-injector.js:19:45)
      at resolveParam (../../../node_modules/@nestjs/core/injector/injector.js:128:38)
          at async Promise.all (index 0)
      at TestingInjector.resolveConstructorParams (../../../node_modules/@nestjs/core/injector/injector.js:143:27)
      at TestingInjector.loadInstance (../../../node_modules/@nestjs/core/injector/injector.js:70:13)
      at TestingInjector.loadProvider (../../../node_modules/@nestjs/core/injector/injector.js:97:9)
      at ../../../node_modules/@nestjs/core/injector/instance-loader.js:56:13
          at async Promise.all (index 4)
      at TestingInstanceLoader.createInstancesOfProviders (../../../node_modules/@nestjs/core/injector/instance-loader.js:55:9)
      at ../../../node_modules/@nestjs/core/injector/instance-loader.js:40:13
          at async Promise.all (index 1)
      at TestingInstanceLoader.createInstances (../../../node_modules/@nestjs/core/injector/instance-loader.js:39:9)
      at TestingInstanceLoader.createInstancesOfDependencies (../../../node_modules/@nestjs/core/injector/instance-loader.js:22:13)
      at TestingInstanceLoader.createInstancesOfDependencies (../../../node_modules/@nestjs/testing/testing-instance-loader.js:9:9)
      at TestingModuleBuilder.createInstancesOfDependencies (../../../node_modules/@nestjs/testing/testing-module.builder.js:118:9)
      at TestingModuleBuilder.compile (../../../node_modules/@nestjs/testing/testing-module.builder.js:74:9)
      at Object.<anonymous> (payable/payable.controller.spec.ts:10:35)

FAIL src/auth/auth.controller.spec.ts (5.758 s)
  ‚óè AuthController ‚Ä∫ should be defined

    Nest can't resolve dependencies of the AuthRepository (?, JwtService). Please make sure that the argument DatabaseService at index [0] is available in the RootTestModule context.

    Potential solutions:
    - Is RootTestModule a valid NestJS module?
    - If DatabaseService is a provider, is it part of the current RootTestModule?
    - If DatabaseService is exported from a separate @Module, is that module imported within RootTestModule?
      @Module({
        imports: [ /* the Module containing DatabaseService */ ]
      })

    [0m [90m  8 |[39m
     [90m  9 |[39m   beforeEach([36masync[39m () [33m=>[39m {
    [31m[1m>[22m[39m[90m 10 |[39m     [36mconst[39m module[33m:[39m [33mTestingModule[39m [33m=[39m [36mawait[39m [33mTest[39m[33m.[39mcreateTestingModule({
     [90m    |[39m                                   [31m[1m^[22m[39m
     [90m 11 |[39m       controllers[33m:[39m [[33mAuthController[39m][33m,[39m
     [90m 12 |[39m       providers[33m:[39m [[33mAuthService[39m[33m,[39m [33mAuthRepository[39m][33m,[39m
     [90m 13 |[39m     })[33m.[39mcompile()[33m;[39m[0m

      at TestingInjector.lookupComponentInParentModules (../../../node_modules/@nestjs/core/injector/injector.js:254:19)
      at TestingInjector.resolveComponentInstance (../../../node_modules/@nestjs/core/injector/injector.js:207:33)
      at TestingInjector.resolveComponentInstance (../../../node_modules/@nestjs/testing/testing-injector.js:19:45)
      at resolveParam (../../../node_modules/@nestjs/core/injector/injector.js:128:38)
          at async Promise.all (index 0)
      at TestingInjector.resolveConstructorParams (../../../node_modules/@nestjs/core/injector/injector.js:143:27)
      at TestingInjector.loadInstance (../../../node_modules/@nestjs/core/injector/injector.js:70:13)
      at TestingInjector.loadProvider (../../../node_modules/@nestjs/core/injector/injector.js:97:9)
      at ../../../node_modules/@nestjs/core/injector/instance-loader.js:56:13
          at async Promise.all (index 4)
      at TestingInstanceLoader.createInstancesOfProviders (../../../node_modules/@nestjs/core/injector/instance-loader.js:55:9)
      at ../../../node_modules/@nestjs/core/injector/instance-loader.js:40:13
          at async Promise.all (index 1)
      at TestingInstanceLoader.createInstances (../../../node_modules/@nestjs/core/injector/instance-loader.js:39:9)
      at TestingInstanceLoader.createInstancesOfDependencies (../../../node_modules/@nestjs/core/injector/instance-loader.js:22:13)
      at TestingInstanceLoader.createInstancesOfDependencies (../../../node_modules/@nestjs/testing/testing-instance-loader.js:9:9)
      at TestingModuleBuilder.createInstancesOfDependencies (../../../node_modules/@nestjs/testing/testing-module.builder.js:118:9)
      at TestingModuleBuilder.compile (../../../node_modules/@nestjs/testing/testing-module.builder.js:74:9)
      at Object.<anonymous> (auth/auth.controller.spec.ts:10:35)

Test Suites: 3 failed, 4 passed, 7 total
Tests:       2 failed, 34 passed, 36 total
Snapshots:   0 total
Time:        6.167 s
Ran all test suites related to changed files.

PASS src/database/database.service.spec.ts (5.383 s)
PASS src/app.controller.spec.ts (5.435 s)
PASS src/assignor/assignor.service.spec.ts (5.817 s)
PASS src/payable/payable.service.spec.ts (5.816 s)
  ‚óè Console

    console.log
      978da47a-de6a-4849-a181-221ff3efdc31 service

      at PayableService.update (payable/payable.service.ts:43:13)

    console.log
      12345678910 service

      at PayableService.update (payable/payable.service.ts:43:13)

    console.log
      a32114a0-0a06-4fc3-bc5b-2c7fe9bc72fe service

      at PayableService.update (payable/payable.service.ts:43:13)

FAIL src/assignor/assignor.controller.spec.ts
  ‚óè Test suite failed to run

    [96msrc/assignor/assignor.controller.spec.ts[0m:[93m2[0m:[93m36[0m - [91merror[0m[90m TS2307: [0mCannot find module '../assignor.controller' or its corresponding type declarations.

    [7m2[0m import { AssignorController } from '../assignor.controller';
    [7m [0m [91m                                   ~~~~~~~~~~~~~~~~~~~~~~~~[0m
    [96msrc/assignor/assignor.controller.spec.ts[0m:[93m3[0m:[93m33[0m - [91merror[0m[90m TS2307: [0mCannot find module '../assignor.service' or its corresponding type declarations.

    [7m3[0m import { AssignorService } from '../assignor.service';
    [7m [0m [91m                                ~~~~~~~~~~~~~~~~~~~~~[0m

FAIL src/payable/payable.controller.spec.ts (5.935 s)
  ‚óè PayableController ‚Ä∫ should be defined

    Nest can't resolve dependencies of the PayableRepository (?). Please make sure that the argument DatabaseService at index [0] is available in the RootTestModule context.

    Potential solutions:
    - Is RootTestModule a valid NestJS module?
    - If DatabaseService is a provider, is it part of the current RootTestModule?
    - If DatabaseService is exported from a separate @Module, is that module imported within RootTestModule?
      @Module({
        imports: [ /* the Module containing DatabaseService */ ]
      })

    [0m [90m  8 |[39m
     [90m  9 |[39m   beforeEach([36masync[39m () [33m=>[39m {
    [31m[1m>[22m[39m[90m 10 |[39m     [36mconst[39m module[33m:[39m [33mTestingModule[39m [33m=[39m [36mawait[39m [33mTest[39m[33m.[39mcreateTestingModule({
     [90m    |[39m                                   [31m[1m^[22m[39m
     [90m 11 |[39m       controllers[33m:[39m [[33mPayableController[39m][33m,[39m
     [90m 12 |[39m       providers[33m:[39m [[33mPayableService[39m[33m,[39m [33mPayableRepository[39m][33m,[39m
     [90m 13 |[39m     })[33m.[39mcompile()[33m;[39m[0m

      at TestingInjector.lookupComponentInParentModules (../../../node_modules/@nestjs/core/injector/injector.js:254:19)
      at TestingInjector.resolveComponentInstance (../../../node_modules/@nestjs/core/injector/injector.js:207:33)
      at TestingInjector.resolveComponentInstance (../../../node_modules/@nestjs/testing/testing-injector.js:19:45)
      at resolveParam (../../../node_modules/@nestjs/core/injector/injector.js:128:38)
          at async Promise.all (index 0)
      at TestingInjector.resolveConstructorParams (../../../node_modules/@nestjs/core/injector/injector.js:143:27)
      at TestingInjector.loadInstance (../../../node_modules/@nestjs/core/injector/injector.js:70:13)
      at TestingInjector.loadProvider (../../../node_modules/@nestjs/core/injector/injector.js:97:9)
      at ../../../node_modules/@nestjs/core/injector/instance-loader.js:56:13
          at async Promise.all (index 4)
      at TestingInstanceLoader.createInstancesOfProviders (../../../node_modules/@nestjs/core/injector/instance-loader.js:55:9)
      at ../../../node_modules/@nestjs/core/injector/instance-loader.js:40:13
          at async Promise.all (index 1)
      at TestingInstanceLoader.createInstances (../../../node_modules/@nestjs/core/injector/instance-loader.js:39:9)
      at TestingInstanceLoader.createInstancesOfDependencies (../../../node_modules/@nestjs/core/injector/instance-loader.js:22:13)
      at TestingInstanceLoader.createInstancesOfDependencies (../../../node_modules/@nestjs/testing/testing-instance-loader.js:9:9)
      at TestingModuleBuilder.createInstancesOfDependencies (../../../node_modules/@nestjs/testing/testing-module.builder.js:118:9)
      at TestingModuleBuilder.compile (../../../node_modules/@nestjs/testing/testing-module.builder.js:74:9)
      at Object.<anonymous> (payable/payable.controller.spec.ts:10:35)

FAIL src/auth/auth.controller.spec.ts
  ‚óè Test suite failed to run

    Cannot find module 'src/database/database.module' from 'auth/auth.controller.spec.ts'

    [0m [90m 3 |[39m [36mimport[39m { [33mAuthService[39m } [36mfrom[39m [32m'./auth.service'[39m[33m;[39m
     [90m 4 |[39m [36mimport[39m { [33mAuthRepository[39m } [36mfrom[39m [32m'./auth.repository'[39m[33m;[39m
    [31m[1m>[22m[39m[90m 5 |[39m [36mimport[39m { [33mDatabaseModule[39m } [36mfrom[39m [32m'src/database/database.module'[39m[33m;[39m
     [90m   |[39m [31m[1m^[22m[39m
     [90m 6 |[39m describe([32m'AuthController'[39m[33m,[39m () [33m=>[39m {
     [90m 7 |[39m   [36mlet[39m controller[33m:[39m [33mAuthController[39m[33m;[39m
     [90m 8 |[39m[0m

      at Resolver._throwModNotFoundError (../../../node_modules/jest-resolve/build/resolver.js:427:11)
      at Object.<anonymous> (auth/auth.controller.spec.ts:5:1)

Test Suites: 3 failed, 4 passed, 7 total
Tests:       1 failed, 34 passed, 35 total
Snapshots:   0 total
Time:        6.577 s

Ran all test suites related to changed files.
FAIL src/assignor/assignor.controller.spec.ts
  ‚óè Test suite failed to run

    [96msrc/assignor/assignor.controller.spec.ts[0m:[93m2[0m:[93m36[0m - [91merror[0m[90m TS2307: [0mCannot find module '../assignor.controller' or its corresponding type declarations.

    [7m2[0m import { AssignorController } from '../assignor.controller';
    [7m [0m [91m                                   ~~~~~~~~~~~~~~~~~~~~~~~~[0m
    [96msrc/assignor/assignor.controller.spec.ts[0m:[93m3[0m:[93m33[0m - [91merror[0m[90m TS2307: [0mCannot find module '../assignor.service' or its corresponding type declarations.

    [7m3[0m import { AssignorService } from '../assignor.service';
    [7m [0m [91m                                ~~~~~~~~~~~~~~~~~~~~~[0m

PASS src/app.controller.spec.ts (5.257 s)
PASS src/database/database.service.spec.ts (5.299 s)
PASS src/assignor/assignor.service.spec.ts (5.594 s)
PASS src/payable/payable.service.spec.ts (5.648 s)
  ‚óè Console

    console.log
      270e183c-f614-4c08-8297-da0afd928a79 service

      at PayableService.update (payable/payable.service.ts:43:13)

    console.log
      12345678910 service

      at PayableService.update (payable/payable.service.ts:43:13)

    console.log
      c5ca6244-a977-4f64-a539-2ddb65a50b6e service

      at PayableService.update (payable/payable.service.ts:43:13)

FAIL src/payable/payable.controller.spec.ts (5.704 s)
  ‚óè PayableController ‚Ä∫ should be defined

    Nest can't resolve dependencies of the PayableRepository (?). Please make sure that the argument DatabaseService at index [0] is available in the RootTestModule context.

    Potential solutions:
    - Is RootTestModule a valid NestJS module?
    - If DatabaseService is a provider, is it part of the current RootTestModule?
    - If DatabaseService is exported from a separate @Module, is that module imported within RootTestModule?
      @Module({
        imports: [ /* the Module containing DatabaseService */ ]
      })

    [0m [90m  8 |[39m
     [90m  9 |[39m   beforeEach([36masync[39m () [33m=>[39m {
    [31m[1m>[22m[39m[90m 10 |[39m     [36mconst[39m module[33m:[39m [33mTestingModule[39m [33m=[39m [36mawait[39m [33mTest[39m[33m.[39mcreateTestingModule({
     [90m    |[39m                                   [31m[1m^[22m[39m
     [90m 11 |[39m       controllers[33m:[39m [[33mPayableController[39m][33m,[39m
     [90m 12 |[39m       providers[33m:[39m [[33mPayableService[39m[33m,[39m [33mPayableRepository[39m][33m,[39m
     [90m 13 |[39m     })[33m.[39mcompile()[33m;[39m[0m

      at TestingInjector.lookupComponentInParentModules (../../../node_modules/@nestjs/core/injector/injector.js:254:19)
      at TestingInjector.resolveComponentInstance (../../../node_modules/@nestjs/core/injector/injector.js:207:33)
      at TestingInjector.resolveComponentInstance (../../../node_modules/@nestjs/testing/testing-injector.js:19:45)
      at resolveParam (../../../node_modules/@nestjs/core/injector/injector.js:128:38)
          at async Promise.all (index 0)
      at TestingInjector.resolveConstructorParams (../../../node_modules/@nestjs/core/injector/injector.js:143:27)
      at TestingInjector.loadInstance (../../../node_modules/@nestjs/core/injector/injector.js:70:13)
      at TestingInjector.loadProvider (../../../node_modules/@nestjs/core/injector/injector.js:97:9)
      at ../../../node_modules/@nestjs/core/injector/instance-loader.js:56:13
          at async Promise.all (index 4)
      at TestingInstanceLoader.createInstancesOfProviders (../../../node_modules/@nestjs/core/injector/instance-loader.js:55:9)
      at ../../../node_modules/@nestjs/core/injector/instance-loader.js:40:13
          at async Promise.all (index 1)
      at TestingInstanceLoader.createInstances (../../../node_modules/@nestjs/core/injector/instance-loader.js:39:9)
      at TestingInstanceLoader.createInstancesOfDependencies (../../../node_modules/@nestjs/core/injector/instance-loader.js:22:13)
      at TestingInstanceLoader.createInstancesOfDependencies (../../../node_modules/@nestjs/testing/testing-instance-loader.js:9:9)
      at TestingModuleBuilder.createInstancesOfDependencies (../../../node_modules/@nestjs/testing/testing-module.builder.js:118:9)
      at TestingModuleBuilder.compile (../../../node_modules/@nestjs/testing/testing-module.builder.js:74:9)
      at Object.<anonymous> (payable/payable.controller.spec.ts:10:35)

FAIL src/auth/auth.controller.spec.ts
  ‚óè AuthController ‚Ä∫ should be defined

    Nest can't resolve dependencies of the AuthRepository (DatabaseService, ?). Please make sure that the argument JwtService at index [1] is available in the RootTestModule context.

    Potential solutions:
    - Is RootTestModule a valid NestJS module?
    - If JwtService is a provider, is it part of the current RootTestModule?
    - If JwtService is exported from a separate @Module, is that module imported within RootTestModule?
      @Module({
        imports: [ /* the Module containing JwtService */ ]
      })

    [0m [90m  9 |[39m
     [90m 10 |[39m   beforeEach([36masync[39m () [33m=>[39m {
    [31m[1m>[22m[39m[90m 11 |[39m     [36mconst[39m module[33m:[39m [33mTestingModule[39m [33m=[39m [36mawait[39m [33mTest[39m[33m.[39mcreateTestingModule({
     [90m    |[39m                                   [31m[1m^[22m[39m
     [90m 12 |[39m       imports[33m:[39m [[33mDatabaseModule[39m][33m,[39m
     [90m 13 |[39m       controllers[33m:[39m [[33mAuthController[39m][33m,[39m
     [90m 14 |[39m       providers[33m:[39m [[33mAuthService[39m[33m,[39m [33mAuthRepository[39m][33m,[39m[0m

      at TestingInjector.lookupComponentInParentModules (../../../node_modules/@nestjs/core/injector/injector.js:254:19)
      at TestingInjector.resolveComponentInstance (../../../node_modules/@nestjs/core/injector/injector.js:207:33)
      at TestingInjector.resolveComponentInstance (../../../node_modules/@nestjs/testing/testing-injector.js:19:45)
      at resolveParam (../../../node_modules/@nestjs/core/injector/injector.js:128:38)
          at async Promise.all (index 1)
      at TestingInjector.resolveConstructorParams (../../../node_modules/@nestjs/core/injector/injector.js:143:27)
      at TestingInjector.loadInstance (../../../node_modules/@nestjs/core/injector/injector.js:70:13)
      at TestingInjector.loadProvider (../../../node_modules/@nestjs/core/injector/injector.js:97:9)
      at ../../../node_modules/@nestjs/core/injector/instance-loader.js:56:13
          at async Promise.all (index 4)
      at TestingInstanceLoader.createInstancesOfProviders (../../../node_modules/@nestjs/core/injector/instance-loader.js:55:9)
      at ../../../node_modules/@nestjs/core/injector/instance-loader.js:40:13
          at async Promise.all (index 1)
      at TestingInstanceLoader.createInstances (../../../node_modules/@nestjs/core/injector/instance-loader.js:39:9)
      at TestingInstanceLoader.createInstancesOfDependencies (../../../node_modules/@nestjs/core/injector/instance-loader.js:22:13)
      at TestingInstanceLoader.createInstancesOfDependencies (../../../node_modules/@nestjs/testing/testing-instance-loader.js:9:9)
      at TestingModuleBuilder.createInstancesOfDependencies (../../../node_modules/@nestjs/testing/testing-module.builder.js:118:9)
      at TestingModuleBuilder.compile (../../../node_modules/@nestjs/testing/testing-module.builder.js:74:9)
      at Object.<anonymous> (auth/auth.controller.spec.ts:11:35)

Test Suites: 3 failed, 4 passed, 7 total
Tests:       2 failed, 34 passed, 36 total
Snapshots:   0 total
Time:        6.585 s
Ran all test suites related to changed files.

PASS src/app.controller.spec.ts
PASS src/database/database.service.spec.ts
PASS src/payable/payable.service.spec.ts (5.496 s)
  ‚óè Console

    console.log
      c66e4f18-cb36-4fa1-a2cb-cd5dc81d1ccd service

      at PayableService.update (payable/payable.service.ts:43:13)

    console.log
      12345678910 service

      at PayableService.update (payable/payable.service.ts:43:13)

    console.log
      6b7ca110-cb97-4783-bbdd-14d0959712ab service

      at PayableService.update (payable/payable.service.ts:43:13)

PASS src/assignor/assignor.service.spec.ts (5.5 s)
FAIL src/assignor/assignor.controller.spec.ts
  ‚óè Test suite failed to run

    [96msrc/assignor/assignor.controller.spec.ts[0m:[93m2[0m:[93m36[0m - [91merror[0m[90m TS2307: [0mCannot find module '../assignor.controller' or its corresponding type declarations.

    [7m2[0m import { AssignorController } from '../assignor.controller';
    [7m [0m [91m                                   ~~~~~~~~~~~~~~~~~~~~~~~~[0m
    [96msrc/assignor/assignor.controller.spec.ts[0m:[93m3[0m:[93m33[0m - [91merror[0m[90m TS2307: [0mCannot find module '../assignor.service' or its corresponding type declarations.

    [7m3[0m import { AssignorService } from '../assignor.service';
    [7m [0m [91m                                ~~~~~~~~~~~~~~~~~~~~~[0m

FAIL src/payable/payable.controller.spec.ts (5.533 s)
  ‚óè PayableController ‚Ä∫ should be defined

    Nest can't resolve dependencies of the PayableRepository (?). Please make sure that the argument DatabaseService at index [0] is available in the RootTestModule context.

    Potential solutions:
    - Is RootTestModule a valid NestJS module?
    - If DatabaseService is a provider, is it part of the current RootTestModule?
    - If DatabaseService is exported from a separate @Module, is that module imported within RootTestModule?
      @Module({
        imports: [ /* the Module containing DatabaseService */ ]
      })

    [0m [90m  8 |[39m
     [90m  9 |[39m   beforeEach([36masync[39m () [33m=>[39m {
    [31m[1m>[22m[39m[90m 10 |[39m     [36mconst[39m module[33m:[39m [33mTestingModule[39m [33m=[39m [36mawait[39m [33mTest[39m[33m.[39mcreateTestingModule({
     [90m    |[39m                                   [31m[1m^[22m[39m
     [90m 11 |[39m       controllers[33m:[39m [[33mPayableController[39m][33m,[39m
     [90m 12 |[39m       providers[33m:[39m [[33mPayableService[39m[33m,[39m [33mPayableRepository[39m][33m,[39m
     [90m 13 |[39m     })[33m.[39mcompile()[33m;[39m[0m

      at TestingInjector.lookupComponentInParentModules (../../../node_modules/@nestjs/core/injector/injector.js:254:19)
      at TestingInjector.resolveComponentInstance (../../../node_modules/@nestjs/core/injector/injector.js:207:33)
      at TestingInjector.resolveComponentInstance (../../../node_modules/@nestjs/testing/testing-injector.js:19:45)
      at resolveParam (../../../node_modules/@nestjs/core/injector/injector.js:128:38)
          at async Promise.all (index 0)
      at TestingInjector.resolveConstructorParams (../../../node_modules/@nestjs/core/injector/injector.js:143:27)
      at TestingInjector.loadInstance (../../../node_modules/@nestjs/core/injector/injector.js:70:13)
      at TestingInjector.loadProvider (../../../node_modules/@nestjs/core/injector/injector.js:97:9)
      at ../../../node_modules/@nestjs/core/injector/instance-loader.js:56:13
          at async Promise.all (index 4)
      at TestingInstanceLoader.createInstancesOfProviders (../../../node_modules/@nestjs/core/injector/instance-loader.js:55:9)
      at ../../../node_modules/@nestjs/core/injector/instance-loader.js:40:13
          at async Promise.all (index 1)
      at TestingInstanceLoader.createInstances (../../../node_modules/@nestjs/core/injector/instance-loader.js:39:9)
      at TestingInstanceLoader.createInstancesOfDependencies (../../../node_modules/@nestjs/core/injector/instance-loader.js:22:13)
      at TestingInstanceLoader.createInstancesOfDependencies (../../../node_modules/@nestjs/testing/testing-instance-loader.js:9:9)
      at TestingModuleBuilder.createInstancesOfDependencies (../../../node_modules/@nestjs/testing/testing-module.builder.js:118:9)
      at TestingModuleBuilder.compile (../../../node_modules/@nestjs/testing/testing-module.builder.js:74:9)
      at Object.<anonymous> (payable/payable.controller.spec.ts:10:35)

FAIL src/auth/auth.controller.spec.ts (5.684 s)
  ‚óè AuthController ‚Ä∫ should be defined

    Nest can't resolve dependencies of the AuthRepository (DatabaseService, ?). Please make sure that the argument JwtService at index [1] is available in the RootTestModule context.

    Potential solutions:
    - Is RootTestModule a valid NestJS module?
    - If JwtService is a provider, is it part of the current RootTestModule?
    - If JwtService is exported from a separate @Module, is that module imported within RootTestModule?
      @Module({
        imports: [ /* the Module containing JwtService */ ]
      })

    [0m [90m  9 |[39m
     [90m 10 |[39m   beforeEach([36masync[39m () [33m=>[39m {
    [31m[1m>[22m[39m[90m 11 |[39m     [36mconst[39m module[33m:[39m [33mTestingModule[39m [33m=[39m [36mawait[39m [33mTest[39m[33m.[39mcreateTestingModule({
     [90m    |[39m                                   [31m[1m^[22m[39m
     [90m 12 |[39m       imports[33m:[39m [[33mDatabaseModule[39m][33m,[39m
     [90m 13 |[39m       controllers[33m:[39m [[33mAuthController[39m][33m,[39m
     [90m 14 |[39m       providers[33m:[39m [[33mAuthService[39m[33m,[39m [33mAuthRepository[39m][33m,[39m[0m

      at TestingInjector.lookupComponentInParentModules (../../../node_modules/@nestjs/core/injector/injector.js:254:19)
      at TestingInjector.resolveComponentInstance (../../../node_modules/@nestjs/core/injector/injector.js:207:33)
      at TestingInjector.resolveComponentInstance (../../../node_modules/@nestjs/testing/testing-injector.js:19:45)
      at resolveParam (../../../node_modules/@nestjs/core/injector/injector.js:128:38)
          at async Promise.all (index 1)
      at TestingInjector.resolveConstructorParams (../../../node_modules/@nestjs/core/injector/injector.js:143:27)
      at TestingInjector.loadInstance (../../../node_modules/@nestjs/core/injector/injector.js:70:13)
      at TestingInjector.loadProvider (../../../node_modules/@nestjs/core/injector/injector.js:97:9)
      at ../../../node_modules/@nestjs/core/injector/instance-loader.js:56:13
          at async Promise.all (index 4)
      at TestingInstanceLoader.createInstancesOfProviders (../../../node_modules/@nestjs/core/injector/instance-loader.js:55:9)
      at ../../../node_modules/@nestjs/core/injector/instance-loader.js:40:13
          at async Promise.all (index 1)
      at TestingInstanceLoader.createInstances (../../../node_modules/@nestjs/core/injector/instance-loader.js:39:9)
      at TestingInstanceLoader.createInstancesOfDependencies (../../../node_modules/@nestjs/core/injector/instance-loader.js:22:13)
      at TestingInstanceLoader.createInstancesOfDependencies (../../../node_modules/@nestjs/testing/testing-instance-loader.js:9:9)
      at TestingModuleBuilder.createInstancesOfDependencies (../../../node_modules/@nestjs/testing/testing-module.builder.js:118:9)
      at TestingModuleBuilder.compile (../../../node_modules/@nestjs/testing/testing-module.builder.js:74:9)
      at Object.<anonymous> (auth/auth.controller.spec.ts:11:35)

Test Suites: 3 failed, 4 passed, 7 total
Tests:       2 failed, 34 passed, 36 total
Snapshots:   0 total
Time:        6.091 s
Ran all test suites related to changed files.

PASS src/app.controller.spec.ts (5.054 s)
PASS src/database/database.service.spec.ts (5.145 s)
FAIL src/assignor/assignor.controller.spec.ts
  ‚óè Test suite failed to run

    [96msrc/assignor/assignor.controller.spec.ts[0m:[93m2[0m:[93m36[0m - [91merror[0m[90m TS2307: [0mCannot find module '../assignor.controller' or its corresponding type declarations.

    [7m2[0m import { AssignorController } from '../assignor.controller';
    [7m [0m [91m                                   ~~~~~~~~~~~~~~~~~~~~~~~~[0m
    [96msrc/assignor/assignor.controller.spec.ts[0m:[93m3[0m:[93m33[0m - [91merror[0m[90m TS2307: [0mCannot find module '../assignor.service' or its corresponding type declarations.

    [7m3[0m import { AssignorService } from '../assignor.service';
    [7m [0m [91m                                ~~~~~~~~~~~~~~~~~~~~~[0m

PASS src/assignor/assignor.service.spec.ts (5.54 s)
PASS src/payable/payable.service.spec.ts (5.577 s)
  ‚óè Console

    console.log
      1e4d13c7-3250-416a-99f6-7f5795a85eda service

      at PayableService.update (payable/payable.service.ts:43:13)

    console.log
      12345678910 service

      at PayableService.update (payable/payable.service.ts:43:13)

    console.log
      edd6b185-e01b-4d13-aa31-457c7ea0a579 service

      at PayableService.update (payable/payable.service.ts:43:13)

FAIL src/payable/payable.controller.spec.ts (5.627 s)
  ‚óè PayableController ‚Ä∫ should be defined

    Nest can't resolve dependencies of the PayableRepository (?). Please make sure that the argument DatabaseService at index [0] is available in the RootTestModule context.

    Potential solutions:
    - Is RootTestModule a valid NestJS module?
    - If DatabaseService is a provider, is it part of the current RootTestModule?
    - If DatabaseService is exported from a separate @Module, is that module imported within RootTestModule?
      @Module({
        imports: [ /* the Module containing DatabaseService */ ]
      })

    [0m [90m  8 |[39m
     [90m  9 |[39m   beforeEach([36masync[39m () [33m=>[39m {
    [31m[1m>[22m[39m[90m 10 |[39m     [36mconst[39m module[33m:[39m [33mTestingModule[39m [33m=[39m [36mawait[39m [33mTest[39m[33m.[39mcreateTestingModule({
     [90m    |[39m                                   [31m[1m^[22m[39m
     [90m 11 |[39m       controllers[33m:[39m [[33mPayableController[39m][33m,[39m
     [90m 12 |[39m       providers[33m:[39m [[33mPayableService[39m[33m,[39m [33mPayableRepository[39m][33m,[39m
     [90m 13 |[39m     })[33m.[39mcompile()[33m;[39m[0m

      at TestingInjector.lookupComponentInParentModules (../../../node_modules/@nestjs/core/injector/injector.js:254:19)
      at TestingInjector.resolveComponentInstance (../../../node_modules/@nestjs/core/injector/injector.js:207:33)
      at TestingInjector.resolveComponentInstance (../../../node_modules/@nestjs/testing/testing-injector.js:19:45)
      at resolveParam (../../../node_modules/@nestjs/core/injector/injector.js:128:38)
          at async Promise.all (index 0)
      at TestingInjector.resolveConstructorParams (../../../node_modules/@nestjs/core/injector/injector.js:143:27)
      at TestingInjector.loadInstance (../../../node_modules/@nestjs/core/injector/injector.js:70:13)
      at TestingInjector.loadProvider (../../../node_modules/@nestjs/core/injector/injector.js:97:9)
      at ../../../node_modules/@nestjs/core/injector/instance-loader.js:56:13
          at async Promise.all (index 4)
      at TestingInstanceLoader.createInstancesOfProviders (../../../node_modules/@nestjs/core/injector/instance-loader.js:55:9)
      at ../../../node_modules/@nestjs/core/injector/instance-loader.js:40:13
          at async Promise.all (index 1)
      at TestingInstanceLoader.createInstances (../../../node_modules/@nestjs/core/injector/instance-loader.js:39:9)
      at TestingInstanceLoader.createInstancesOfDependencies (../../../node_modules/@nestjs/core/injector/instance-loader.js:22:13)
      at TestingInstanceLoader.createInstancesOfDependencies (../../../node_modules/@nestjs/testing/testing-instance-loader.js:9:9)
      at TestingModuleBuilder.createInstancesOfDependencies (../../../node_modules/@nestjs/testing/testing-module.builder.js:118:9)
      at TestingModuleBuilder.compile (../../../node_modules/@nestjs/testing/testing-module.builder.js:74:9)
      at Object.<anonymous> (payable/payable.controller.spec.ts:10:35)

FAIL src/auth/auth.controller.spec.ts (5.648 s)
  ‚óè AuthController ‚Ä∫ should be defined

    Nest can't resolve dependencies of the AuthRepository (DatabaseService, ?). Please make sure that the argument JwtService at index [1] is available in the RootTestModule context.

    Potential solutions:
    - Is RootTestModule a valid NestJS module?
    - If JwtService is a provider, is it part of the current RootTestModule?
    - If JwtService is exported from a separate @Module, is that module imported within RootTestModule?
      @Module({
        imports: [ /* the Module containing JwtService */ ]
      })

    [0m [90m  9 |[39m
     [90m 10 |[39m   beforeEach([36masync[39m () [33m=>[39m {
    [31m[1m>[22m[39m[90m 11 |[39m     [36mconst[39m module[33m:[39m [33mTestingModule[39m [33m=[39m [36mawait[39m [33mTest[39m[33m.[39mcreateTestingModule({
     [90m    |[39m                                   [31m[1m^[22m[39m
     [90m 12 |[39m       imports[33m:[39m [[33mDatabaseModule[39m][33m,[39m
     [90m 13 |[39m       controllers[33m:[39m [[33mAuthController[39m][33m,[39m
     [90m 14 |[39m       providers[33m:[39m [[33mAuthService[39m[33m,[39m [33mAuthRepository[39m][33m,[39m[0m

      at TestingInjector.lookupComponentInParentModules (../../../node_modules/@nestjs/core/injector/injector.js:254:19)
      at TestingInjector.resolveComponentInstance (../../../node_modules/@nestjs/core/injector/injector.js:207:33)
      at TestingInjector.resolveComponentInstance (../../../node_modules/@nestjs/testing/testing-injector.js:19:45)
      at resolveParam (../../../node_modules/@nestjs/core/injector/injector.js:128:38)
          at async Promise.all (index 1)
      at TestingInjector.resolveConstructorParams (../../../node_modules/@nestjs/core/injector/injector.js:143:27)
      at TestingInjector.loadInstance (../../../node_modules/@nestjs/core/injector/injector.js:70:13)
      at TestingInjector.loadProvider (../../../node_modules/@nestjs/core/injector/injector.js:97:9)
      at ../../../node_modules/@nestjs/core/injector/instance-loader.js:56:13
          at async Promise.all (index 4)
      at TestingInstanceLoader.createInstancesOfProviders (../../../node_modules/@nestjs/core/injector/instance-loader.js:55:9)
      at ../../../node_modules/@nestjs/core/injector/instance-loader.js:40:13
          at async Promise.all (index 1)
      at TestingInstanceLoader.createInstances (../../../node_modules/@nestjs/core/injector/instance-loader.js:39:9)
      at TestingInstanceLoader.createInstancesOfDependencies (../../../node_modules/@nestjs/core/injector/instance-loader.js:22:13)
      at TestingInstanceLoader.createInstancesOfDependencies (../../../node_modules/@nestjs/testing/testing-instance-loader.js:9:9)
      at TestingModuleBuilder.createInstancesOfDependencies (../../../node_modules/@nestjs/testing/testing-module.builder.js:118:9)
      at TestingModuleBuilder.compile (../../../node_modules/@nestjs/testing/testing-module.builder.js:74:9)
      at Object.<anonymous> (auth/auth.controller.spec.ts:11:35)

Test Suites: 3 failed, 4 passed, 7 total
Tests:       2 failed, 34 passed, 36 total
Snapshots:   0 total
Time:        6.065 s
Ran all test suites related to changed files.

PASS src/app.controller.spec.ts
PASS src/database/database.service.spec.ts
PASS src/payable/payable.service.spec.ts (5.139 s)
  ‚óè Console

    console.log
      6bcf1379-9a1a-402e-8d58-a69c58874550 service

      at PayableService.update (payable/payable.service.ts:43:13)

    console.log
      12345678910 service

      at PayableService.update (payable/payable.service.ts:43:13)

    console.log
      35e8a13e-b8e3-4f5a-88c9-341420208fe8 service

      at PayableService.update (payable/payable.service.ts:43:13)

FAIL src/payable/payable.controller.spec.ts (5.199 s)
  ‚óè PayableController ‚Ä∫ should be defined

    Nest can't resolve dependencies of the PayableRepository (?). Please make sure that the argument DatabaseService at index [0] is available in the RootTestModule context.

    Potential solutions:
    - Is RootTestModule a valid NestJS module?
    - If DatabaseService is a provider, is it part of the current RootTestModule?
    - If DatabaseService is exported from a separate @Module, is that module imported within RootTestModule?
      @Module({
        imports: [ /* the Module containing DatabaseService */ ]
      })

    [0m [90m  8 |[39m
     [90m  9 |[39m   beforeEach([36masync[39m () [33m=>[39m {
    [31m[1m>[22m[39m[90m 10 |[39m     [36mconst[39m module[33m:[39m [33mTestingModule[39m [33m=[39m [36mawait[39m [33mTest[39m[33m.[39mcreateTestingModule({
     [90m    |[39m                                   [31m[1m^[22m[39m
     [90m 11 |[39m       controllers[33m:[39m [[33mPayableController[39m][33m,[39m
     [90m 12 |[39m       providers[33m:[39m [[33mPayableService[39m[33m,[39m [33mPayableRepository[39m][33m,[39m
     [90m 13 |[39m     })[33m.[39mcompile()[33m;[39m[0m

      at TestingInjector.lookupComponentInParentModules (../../../node_modules/@nestjs/core/injector/injector.js:254:19)
      at TestingInjector.resolveComponentInstance (../../../node_modules/@nestjs/core/injector/injector.js:207:33)
      at TestingInjector.resolveComponentInstance (../../../node_modules/@nestjs/testing/testing-injector.js:19:45)
      at resolveParam (../../../node_modules/@nestjs/core/injector/injector.js:128:38)
          at async Promise.all (index 0)
      at TestingInjector.resolveConstructorParams (../../../node_modules/@nestjs/core/injector/injector.js:143:27)
      at TestingInjector.loadInstance (../../../node_modules/@nestjs/core/injector/injector.js:70:13)
      at TestingInjector.loadProvider (../../../node_modules/@nestjs/core/injector/injector.js:97:9)
      at ../../../node_modules/@nestjs/core/injector/instance-loader.js:56:13
          at async Promise.all (index 4)
      at TestingInstanceLoader.createInstancesOfProviders (../../../node_modules/@nestjs/core/injector/instance-loader.js:55:9)
      at ../../../node_modules/@nestjs/core/injector/instance-loader.js:40:13
          at async Promise.all (index 1)
      at TestingInstanceLoader.createInstances (../../../node_modules/@nestjs/core/injector/instance-loader.js:39:9)
      at TestingInstanceLoader.createInstancesOfDependencies (../../../node_modules/@nestjs/core/injector/instance-loader.js:22:13)
      at TestingInstanceLoader.createInstancesOfDependencies (../../../node_modules/@nestjs/testing/testing-instance-loader.js:9:9)
      at TestingModuleBuilder.createInstancesOfDependencies (../../../node_modules/@nestjs/testing/testing-module.builder.js:118:9)
      at TestingModuleBuilder.compile (../../../node_modules/@nestjs/testing/testing-module.builder.js:74:9)
      at Object.<anonymous> (payable/payable.controller.spec.ts:10:35)

PASS src/assignor/assignor.service.spec.ts (5.218 s)
FAIL src/assignor/assignor.controller.spec.ts
  ‚óè Test suite failed to run

    [96msrc/assignor/assignor.controller.spec.ts[0m:[93m2[0m:[93m36[0m - [91merror[0m[90m TS2307: [0mCannot find module '../assignor.controller' or its corresponding type declarations.

    [7m2[0m import { AssignorController } from '../assignor.controller';
    [7m [0m [91m                                   ~~~~~~~~~~~~~~~~~~~~~~~~[0m
    [96msrc/assignor/assignor.controller.spec.ts[0m:[93m3[0m:[93m33[0m - [91merror[0m[90m TS2307: [0mCannot find module '../assignor.service' or its corresponding type declarations.

    [7m3[0m import { AssignorService } from '../assignor.service';
    [7m [0m [91m                                ~~~~~~~~~~~~~~~~~~~~~[0m

PASS src/auth/auth.controller.spec.ts (5.479 s)

Test Suites: 2 failed, 5 passed, 7 total
Tests:       1 failed, 35 passed, 36 total
Snapshots:   0 total
Time:        5.869 s, estimated 6 s

Ran all test suites related to changed files.
PASS src/app.controller.spec.ts (7.325 s)
PASS src/database/database.service.spec.ts (7.49 s)
FAIL src/assignor/assignor.controller.spec.ts
  ‚óè Test suite failed to run

    [96msrc/assignor/assignor.controller.spec.ts[0m:[93m2[0m:[93m36[0m - [91merror[0m[90m TS2307: [0mCannot find module '../assignor.controller' or its corresponding type declarations.

    [7m2[0m import { AssignorController } from '../assignor.controller';
    [7m [0m [91m                                   ~~~~~~~~~~~~~~~~~~~~~~~~[0m
    [96msrc/assignor/assignor.controller.spec.ts[0m:[93m3[0m:[93m33[0m - [91merror[0m[90m TS2307: [0mCannot find module '../assignor.service' or its corresponding type declarations.

    [7m3[0m import { AssignorService } from '../assignor.service';
    [7m [0m [91m                                ~~~~~~~~~~~~~~~~~~~~~[0m

PASS src/auth/auth.controller.spec.ts (8.19 s)
PASS src/payable/payable.service.spec.ts (8.256 s)
  ‚óè Console

    console.log
      17c65eb0-c3d7-4713-8ed8-5bd0cc23158b service

      at PayableService.update (payable/payable.service.ts:43:13)

    console.log
      12345678910 service

      at PayableService.update (payable/payable.service.ts:43:13)

    console.log
      3ad341b5-e7d9-4bf0-98d0-4c4c5f72f785 service

      at PayableService.update (payable/payable.service.ts:43:13)

PASS src/assignor/assignor.service.spec.ts (8.276 s)
PASS src/payable/payable.controller.spec.ts (8.445 s)

Test Suites: 1 failed, 6 passed, 7 total
Tests:       36 passed, 36 total
Snapshots:   0 total
Time:        9.527 s

Ran all test suites related to changed files.
PASS src/app.controller.spec.ts (5.748 s)
PASS src/database/database.service.spec.ts (5.806 s)
PASS src/payable/payable.service.spec.ts (6.205 s)
  ‚óè Console

    console.log
